[debug] [2023-11-08T00:05:56.184Z] ----------------------------------------------------------------------
[debug] [2023-11-08T00:05:56.188Z] Command:       C:\Program Files\nodejs\node.exe C:\Users\Michael Puckett\AppData\Roaming\npm\node_modules\firebase-tools\lib\bin\firebase.js deploy
[debug] [2023-11-08T00:05:56.189Z] CLI Version:   12.6.2
[debug] [2023-11-08T00:05:56.189Z] Platform:      win32
[debug] [2023-11-08T00:05:56.190Z] Node Version:  v19.0.0
[debug] [2023-11-08T00:05:56.190Z] Time:          Tue Nov 07 2023 19:05:56 GMT-0500 (Eastern Standard Time)
[debug] [2023-11-08T00:05:56.190Z] ----------------------------------------------------------------------
[debug] 
[debug] [2023-11-08T00:05:56.195Z] >>> [apiv2][query] GET https://firebase-public.firebaseio.com/cli.json [none]
[debug] [2023-11-08T00:05:56.385Z] > command requires scopes: ["email","openid","https://www.googleapis.com/auth/cloudplatformprojects.readonly","https://www.googleapis.com/auth/firebase","https://www.googleapis.com/auth/cloud-platform"]
[debug] [2023-11-08T00:05:56.386Z] > authorizing via signed-in user (jknox0610@gmail.com)
[debug] [2023-11-08T00:05:56.386Z] [iam] checking project todos-99201 for permissions ["firebase.projects.get","firebasehosting.sites.update"]
[debug] [2023-11-08T00:05:56.388Z] > refreshing access token with scopes: []
[debug] [2023-11-08T00:05:56.389Z] >>> [apiv2][query] POST https://www.googleapis.com/oauth2/v3/token [none]
[debug] [2023-11-08T00:05:56.390Z] >>> [apiv2][body] POST https://www.googleapis.com/oauth2/v3/token [omitted]
[debug] [2023-11-08T00:05:56.600Z] <<< [apiv2][status] GET https://firebase-public.firebaseio.com/cli.json 200
[debug] [2023-11-08T00:05:56.601Z] <<< [apiv2][body] GET https://firebase-public.firebaseio.com/cli.json {"cloudBuildErrorAfter":1594252800000,"cloudBuildWarnAfter":1590019200000,"defaultNode10After":1594252800000,"minVersion":"3.0.5","node8DeploysDisabledAfter":1613390400000,"node8RuntimeDisabledAfter":1615809600000,"node8WarnAfter":1600128000000}
[debug] [2023-11-08T00:05:56.676Z] <<< [apiv2][status] POST https://www.googleapis.com/oauth2/v3/token 200
[debug] [2023-11-08T00:05:56.677Z] <<< [apiv2][body] POST https://www.googleapis.com/oauth2/v3/token [omitted]
[debug] [2023-11-08T00:05:56.702Z] >>> [apiv2][query] POST https://cloudresourcemanager.googleapis.com/v1/projects/todos-99201:testIamPermissions [none]
[debug] [2023-11-08T00:05:56.702Z] >>> [apiv2][(partial)header] POST https://cloudresourcemanager.googleapis.com/v1/projects/todos-99201:testIamPermissions x-goog-quota-user=projects/todos-99201
[debug] [2023-11-08T00:05:56.702Z] >>> [apiv2][body] POST https://cloudresourcemanager.googleapis.com/v1/projects/todos-99201:testIamPermissions {"permissions":["firebase.projects.get","firebasehosting.sites.update"]}
[debug] [2023-11-08T00:05:57.073Z] <<< [apiv2][status] POST https://cloudresourcemanager.googleapis.com/v1/projects/todos-99201:testIamPermissions 200
[debug] [2023-11-08T00:05:57.073Z] <<< [apiv2][body] POST https://cloudresourcemanager.googleapis.com/v1/projects/todos-99201:testIamPermissions {}
[debug] [2023-11-08T00:05:57.074Z] [iam] error while checking permissions, command may fail: FirebaseError: Authorization failed. This account is missing the following required permissions on project todos-99201:

  firebase.projects.get
  firebasehosting.sites.update
[debug] [2023-11-08T00:05:57.075Z] >>> [apiv2][query] GET https://firebase.googleapis.com/v1beta1/projects/todos-99201 [none]
[debug] [2023-11-08T00:05:57.370Z] <<< [apiv2][status] GET https://firebase.googleapis.com/v1beta1/projects/todos-99201 403
[debug] [2023-11-08T00:05:57.370Z] <<< [apiv2][body] GET https://firebase.googleapis.com/v1beta1/projects/todos-99201 {"error":{"code":403,"message":"The caller does not have permission","status":"PERMISSION_DENIED"}}
[debug] [2023-11-08T00:05:57.373Z] HTTP Error: 403, The caller does not have permission
[debug] [2023-11-08T00:05:57.375Z] FirebaseError: HTTP Error: 403, The caller does not have permission
    at responseToError (C:\Users\Michael Puckett\AppData\Roaming\npm\node_modules\firebase-tools\lib\responseToError.js:49:12)
    at RetryOperation._fn (C:\Users\Michael Puckett\AppData\Roaming\npm\node_modules\firebase-tools\lib\apiv2.js:285:77)
    at process.processTicksAndRejections (node:internal/process/task_queues:95:5)
[error] 
[error] Error: Failed to get Firebase project todos-99201. Please make sure the project exists and your account has permission to access it.
